[35m[Appium][39m Welcome to Appium v1.22.3
[35m[Appium][39m Non-default server args:
[35m[Appium][39m   port: 50530
[35m[Appium][39m   loglevel: info
[35m[Appium][39m   tmpDir: /var/folders/t5/4xyt0j4107bf2yv_6mhn4fhm0000gn/T//Katalon/Appium/Temp1715322470808
[35m[Appium][39m   chromedriverPort: 50531
[35m[Appium][39m Deprecated server args:
[35m[Appium][39m   [31m--chromedriver-port[39m => --default-capabilities
[35m[Appium][39m Default capabilities, which will be added to each request unless overridden by desired capabilities:
[35m[Appium][39m   chromedriverPort: 50531
[35m[Appium][39m Appium REST http interface listener started on 0.0.0.0:50530
[35m[HTTP][39m [37m-->[39m [37mGET[39m [37m/wd/hub/status[39m
[35m[HTTP][39m [90m{}[39m
[35m[HTTP][39m [37m<-- GET /wd/hub/status [39m[32m200[39m [90m18 ms - 68[39m
[35m[HTTP][39m [90m[39m
[35m[HTTP][39m [37m-->[39m [37mGET[39m [37m/wd/hub/status[39m
[35m[HTTP][39m [90m{}[39m
[35m[HTTP][39m [37m<-- GET /wd/hub/status [39m[32m200[39m [90m9 ms - 68[39m
[35m[HTTP][39m [90m[39m
[35m[HTTP][39m [37m-->[39m [37mPOST[39m [37m/wd/hub/session[39m
[35m[HTTP][39m [90m{"desiredCapabilities":{"appActivity":".Settings","appPackage":"com.android.settings","newCommandTimeout":1800,"platformVersion":"14","automationName":"uiautomator2","autoGrantPermissions":true,"platformName":"Android","udid":"RRCX402EG0M","deviceName":"samsung SM-A556E (Android 14)","platform":"ANDROID","systemPort":8262},"capabilities":{"firstMatch":[{"appium:appActivity":".Settings","appium:appPackage":"com.android.settings","appium:autoGrantPermissions":true,"appium:automationName":"uiautomator2","appium:deviceName":"samsung SM-A556E (Android 14)","appium:newCommandTimeout":1800,"platform":"ANDROID","platformName":"android","appium:platformVersion":"14","appium:systemPort":8262,"appium:udid":"RRCX402EG0M"}]}}[39m
[35m[BaseDriver][39m The following capabilities are not standard capabilities and should have an extension prefix:
[35m[BaseDriver][39m   platform
[35m[BaseDriver][39m   chromedriverPort
[35m[Appium][39m Appium v1.22.3 creating new AndroidUiautomator2Driver (v1.70.1) session
[35m[BaseDriver][39m The following capabilities were provided, but are not recognized by Appium:
[35m[BaseDriver][39m   platform
[35m[BaseDriver][39m Session created with session id: 9a286c7d-2d6a-4a7b-91d8-a24708bd647b
[35m[UiAutomator2][39m Starting 'com.android.settings' directly on the device
[35m[ADB][39m Found 1 'build-tools' folders under '/Users/mikhamonica/.katalon/tools/android_sdk' (newest first):
[35m[ADB][39m     /Users/mikhamonica/.katalon/tools/android_sdk/build-tools/29.0.3
[35m[ADB][39m Using 'adb' from '/Users/mikhamonica/.katalon/tools/android_sdk/platform-tools/adb'
[35m[AndroidDriver][39m Retrieving device list
[35m[AndroidDriver][39m Using device: RRCX402EG0M
[35m[ADB][39m Using 'adb' from '/Users/mikhamonica/.katalon/tools/android_sdk/platform-tools/adb'
[35m[ADB][39m Getting device platform version
[35m[UiAutomator2][39m Relaxing hidden api policy
[35m[AndroidDriver][39m No app sent in, not parsing package/activity
[35m[ADB][39m Using 'apksigner.jar' from '/Users/mikhamonica/.katalon/tools/android_sdk/build-tools/29.0.3/lib/apksigner.jar'
[35m[ADB][39m '/opt/homebrew/lib/node_modules/appium/node_modules/appium-uiautomator2-server/apks/appium-uiautomator2-server-v4.27.0.apk' is signed with the default certificate
[35m[ADB][39m '/opt/homebrew/lib/node_modules/appium/node_modules/appium-uiautomator2-server/apks/appium-uiautomator2-server-debug-androidTest.apk' is signed with the default certificate
[35m[UiAutomator2][39m Server packages are not going to be (re)installed
[35m[ADB][39m Adding packages ["io.appium.settings","io.appium.uiautomator2.server","io.appium.uiautomator2.server.test"] to Doze whitelist
[35m[UiAutomator2][39m Starting UIAutomator2 server 4.27.0
[35m[UiAutomator2][39m Using UIAutomator2 server from '/opt/homebrew/lib/node_modules/appium/node_modules/appium-uiautomator2-server/apks/appium-uiautomator2-server-v4.27.0.apk' and test from '/opt/homebrew/lib/node_modules/appium/node_modules/appium-uiautomator2-server/apks/appium-uiautomator2-server-debug-androidTest.apk'
[35m[UiAutomator2][39m Waiting up to 30000ms for UiAutomator2 to be online...
[35m[WD Proxy][39m socket hang up
[35m[WD Proxy][39m socket hang up
[35m[WD Proxy][39m Determined the downstream protocol as 'W3C'
[35m[AndroidDriver][39m Screen already unlocked, doing nothing
[35m[UiAutomator2][39m Starting 'com.android.settings/.Settings and waiting for 'com.android.settings/.Settings'
[35m[Appium][39m New AndroidUiautomator2Driver session created successfully, session 9a286c7d-2d6a-4a7b-91d8-a24708bd647b added to master session list
[35m[HTTP][39m [37m<-- POST /wd/hub/session [39m[32m200[39m [90m9195 ms - 1159[39m
[35m[HTTP][39m [90m[39m
[35m[HTTP][39m [37m-->[39m [37mGET[39m [37m/wd/hub/session/9a286c7d-2d6a-4a7b-91d8-a24708bd647b[39m
[35m[HTTP][39m [90m{}[39m
[35m[HTTP][39m [37m<-- GET /wd/hub/session/9a286c7d-2d6a-4a7b-91d8-a24708bd647b [39m[32m200[39m [90m12 ms - 1113[39m
[35m[HTTP][39m [90m[39m
[35m[HTTP][39m [37m-->[39m [37mGET[39m [37m/wd/hub/session/9a286c7d-2d6a-4a7b-91d8-a24708bd647b[39m
[35m[HTTP][39m [90m{}[39m
[35m[HTTP][39m [37m<-- GET /wd/hub/session/9a286c7d-2d6a-4a7b-91d8-a24708bd647b [39m[32m200[39m [90m14 ms - 1113[39m
[35m[HTTP][39m [90m[39m
[35m[HTTP][39m [37m-->[39m [37mGET[39m [37m/wd/hub/status[39m
[35m[HTTP][39m [90m{}[39m
[35m[HTTP][39m [37m<-- GET /wd/hub/status [39m[32m200[39m [90m1 ms - 68[39m
[35m[HTTP][39m [90m[39m
[35m[HTTP][39m [37m-->[39m [37mPOST[39m [37m/wd/hub/session/9a286c7d-2d6a-4a7b-91d8-a24708bd647b/timeouts[39m
[35m[HTTP][39m [90m{"implicit":60000}[39m
[35m[HTTP][39m [37m<-- POST /wd/hub/session/9a286c7d-2d6a-4a7b-91d8-a24708bd647b/timeouts [39m[32m200[39m [90m3 ms - 14[39m
[35m[HTTP][39m [90m[39m
[35m[HTTP][39m [37m-->[39m [37mGET[39m [37m/wd/hub/session/9a286c7d-2d6a-4a7b-91d8-a24708bd647b/screenshot[39m
[35m[HTTP][39m [90m{}[39m
[35m[HTTP][39m [37m<-- GET /wd/hub/session/9a286c7d-2d6a-4a7b-91d8-a24708bd647b/screenshot [39m[32m200[39m [90m534 ms - 209750[39m
[35m[HTTP][39m [90m[39m
[35m[HTTP][39m [37m-->[39m [37mGET[39m [37m/wd/hub/session/9a286c7d-2d6a-4a7b-91d8-a24708bd647b/window/rect[39m
[35m[HTTP][39m [90m{}[39m
[35m[HTTP][39m [37m<-- GET /wd/hub/session/9a286c7d-2d6a-4a7b-91d8-a24708bd647b/window/rect [39m[32m200[39m [90m23 ms - 50[39m
[35m[HTTP][39m [90m[39m
[35m[HTTP][39m [37m-->[39m [37mGET[39m [37m/wd/hub/session/9a286c7d-2d6a-4a7b-91d8-a24708bd647b/appium/device/system_bars[39m
[35m[HTTP][39m [90m{}[39m
[35m[HTTP][39m [37m<-- GET /wd/hub/session/9a286c7d-2d6a-4a7b-91d8-a24708bd647b/appium/device/system_bars [39m[32m200[39m [90m107 ms - 145[39m
[35m[HTTP][39m [90m[39m
[35m[HTTP][39m [37m-->[39m [37mPOST[39m [37m/wd/hub/session/9a286c7d-2d6a-4a7b-91d8-a24708bd647b/appium/device/activate_app[39m
[35m[HTTP][39m [90m{"bundleId":"com.todoist"}[39m
[35m[HTTP][39m [37m<-- POST /wd/hub/session/9a286c7d-2d6a-4a7b-91d8-a24708bd647b/appium/device/activate_app [39m[32m200[39m [90m513 ms - 14[39m
[35m[HTTP][39m [90m[39m
[35m[HTTP][39m [37m-->[39m [37mGET[39m [37m/wd/hub/session/9a286c7d-2d6a-4a7b-91d8-a24708bd647b/source[39m
[35m[HTTP][39m [90m{}[39m
[35m[W3C (9a286c7d)][39m Driver proxy active, passing request on via HTTP proxy
[35m[WD Proxy][39m Replacing sessionId 927facaf-9eca-4e04-9fec-e85a2923d454 with 9a286c7d-2d6a-4a7b-91d8-a24708bd647b
[35m[HTTP][39m [37m<-- GET /wd/hub/session/9a286c7d-2d6a-4a7b-91d8-a24708bd647b/source [39m[32m200[39m [90m621 ms - 18563[39m
[35m[HTTP][39m [90m[39m
[35m[HTTP][39m [37m-->[39m [37mGET[39m [37m/wd/hub/session/9a286c7d-2d6a-4a7b-91d8-a24708bd647b/screenshot[39m
[35m[HTTP][39m [90m{}[39m
[35m[HTTP][39m [37m<-- GET /wd/hub/session/9a286c7d-2d6a-4a7b-91d8-a24708bd647b/screenshot [39m[32m200[39m [90m408 ms - 258114[39m
[35m[HTTP][39m [90m[39m
[35m[HTTP][39m [37m-->[39m [37mPOST[39m [37m/wd/hub/session/9a286c7d-2d6a-4a7b-91d8-a24708bd647b/elements[39m
[35m[HTTP][39m [90m{"using":"xpath","value":"//*[@class = 'android.view.View' and (@text = '' or . = '')]"}[39m
[35m[HTTP][39m [37m<-- POST /wd/hub/session/9a286c7d-2d6a-4a7b-91d8-a24708bd647b/elements [39m[32m200[39m [90m743 ms - 2059[39m
[35m[HTTP][39m [90m[39m
[35m[HTTP][39m [37m-->[39m [37mPOST[39m [37m/wd/hub/session/9a286c7d-2d6a-4a7b-91d8-a24708bd647b/elements[39m
[35m[HTTP][39m [90m{"using":"-android uiautomator","value":"new UiSelector().className(\"android.view.View\")"}[39m
[35m[HTTP][39m [37m<-- POST /wd/hub/session/9a286c7d-2d6a-4a7b-91d8-a24708bd647b/elements [39m[32m200[39m [90m345 ms - 2059[39m
[35m[HTTP][39m [90m[39m
[35m[HTTP][39m [37m-->[39m [37mGET[39m [37m/wd/hub/session/9a286c7d-2d6a-4a7b-91d8-a24708bd647b/window/rect[39m
[35m[HTTP][39m [90m{}[39m
[35m[HTTP][39m [37m<-- GET /wd/hub/session/9a286c7d-2d6a-4a7b-91d8-a24708bd647b/window/rect [39m[32m200[39m [90m42 ms - 50[39m
[35m[HTTP][39m [90m[39m
[35m[HTTP][39m [37m-->[39m [37mPOST[39m [37m/wd/hub/session/9a286c7d-2d6a-4a7b-91d8-a24708bd647b/elements[39m
[35m[HTTP][39m [90m{"using":"xpath","value":"//hierarchy/android.widget.FrameLayout[1]/android.widget.LinearLayout[1]/android.widget.FrameLayout[1]/android.widget.FrameLayout[1]/android.widget.FrameLayout[1]/android.view.ViewGroup[1]/android.widget.FrameLayout[1]/android.widget.FrameLayout[1]/android.view.ViewGroup[1]/androidx.compose.ui.platform.ComposeView[1]/android.view.View[1]/android.view.View[1]/android.view.View[1]/android.view.View[4]/android.view.View[1]"}[39m
[35m[HTTP][39m [37m<-- POST /wd/hub/session/9a286c7d-2d6a-4a7b-91d8-a24708bd647b/elements [39m[32m200[39m [90m217 ms - 139[39m
[35m[HTTP][39m [90m[39m
[35m[HTTP][39m [37m-->[39m [37mGET[39m [37m/wd/hub/session/9a286c7d-2d6a-4a7b-91d8-a24708bd647b/element/00000000-0000-00e8-0000-00b2000001d0/location[39m
[35m[HTTP][39m [90m{}[39m
[35m[W3C (9a286c7d)][39m Driver proxy active, passing request on via HTTP proxy
[35m[WD Proxy][39m Replacing sessionId 927facaf-9eca-4e04-9fec-e85a2923d454 with 9a286c7d-2d6a-4a7b-91d8-a24708bd647b
[35m[HTTP][39m [37m<-- GET /wd/hub/session/9a286c7d-2d6a-4a7b-91d8-a24708bd647b/element/00000000-0000-00e8-0000-00b2000001d0/location [39m[32m200[39m [90m39 ms - 79[39m
[35m[HTTP][39m [90m[39m
[35m[HTTP][39m [37m-->[39m [37mPOST[39m [37m/wd/hub/session/9a286c7d-2d6a-4a7b-91d8-a24708bd647b/touch/perform[39m
[35m[HTTP][39m [90m{"actions":[{"action":"tap","options":{"x":1,"y":1,"element":"00000000-0000-00e8-0000-00b2000001d0"}}]}[39m
[35m[UiAutomator2][39m calling get location: 00000000-0000-00e8-0000-00b2000001d0
[35m[HTTP][39m [37m<-- POST /wd/hub/session/9a286c7d-2d6a-4a7b-91d8-a24708bd647b/touch/perform [39m[32m200[39m [90m936 ms - 14[39m
[35m[HTTP][39m [90m[39m
[35m[HTTP][39m [37m-->[39m [37mGET[39m [37m/wd/hub/session/9a286c7d-2d6a-4a7b-91d8-a24708bd647b/source[39m
[35m[HTTP][39m [90m{}[39m
[35m[W3C (9a286c7d)][39m Driver proxy active, passing request on via HTTP proxy
[35m[WD Proxy][39m Replacing sessionId 927facaf-9eca-4e04-9fec-e85a2923d454 with 9a286c7d-2d6a-4a7b-91d8-a24708bd647b
[35m[HTTP][39m [37m<-- GET /wd/hub/session/9a286c7d-2d6a-4a7b-91d8-a24708bd647b/source [39m[32m200[39m [90m341 ms - 31070[39m
[35m[HTTP][39m [90m[39m
[35m[HTTP][39m [37m-->[39m [37mGET[39m [37m/wd/hub/session/9a286c7d-2d6a-4a7b-91d8-a24708bd647b/screenshot[39m
[35m[HTTP][39m [90m{}[39m
[35m[HTTP][39m [37m<-- GET /wd/hub/session/9a286c7d-2d6a-4a7b-91d8-a24708bd647b/screenshot [39m[32m200[39m [90m393 ms - 134238[39m
[35m[HTTP][39m [90m[39m
[35m[HTTP][39m [37m-->[39m [37mPOST[39m [37m/wd/hub/session/9a286c7d-2d6a-4a7b-91d8-a24708bd647b/elements[39m
[35m[HTTP][39m [90m{"using":"xpath","value":"//*[@class = 'android.widget.ImageButton' and @resource-id = 'com.todoist:id/fab' and (@text = '' or . = '')]"}[39m
[35m[HTTP][39m [37m<-- POST /wd/hub/session/9a286c7d-2d6a-4a7b-91d8-a24708bd647b/elements [39m[32m200[39m [90m280 ms - 139[39m
[35m[HTTP][39m [90m[39m
[35m[HTTP][39m [37m-->[39m [37mGET[39m [37m/wd/hub/session/9a286c7d-2d6a-4a7b-91d8-a24708bd647b/window/rect[39m
[35m[HTTP][39m [90m{}[39m
[35m[HTTP][39m [37m<-- GET /wd/hub/session/9a286c7d-2d6a-4a7b-91d8-a24708bd647b/window/rect [39m[32m200[39m [90m21 ms - 50[39m
[35m[HTTP][39m [90m[39m
[35m[HTTP][39m [37m-->[39m [37mPOST[39m [37m/wd/hub/session/9a286c7d-2d6a-4a7b-91d8-a24708bd647b/elements[39m
[35m[HTTP][39m [90m{"using":"xpath","value":"//*[@class = 'android.widget.ImageButton' and @resource-id = 'com.todoist:id/fab' and (@text = '' or . = '')]"}[39m
[35m[HTTP][39m [37m<-- POST /wd/hub/session/9a286c7d-2d6a-4a7b-91d8-a24708bd647b/elements [39m[32m200[39m [90m249 ms - 139[39m
[35m[HTTP][39m [90m[39m
[35m[HTTP][39m [37m-->[39m [37mGET[39m [37m/wd/hub/session/9a286c7d-2d6a-4a7b-91d8-a24708bd647b/element/00000000-0000-00e8-ffff-ffff000001d1/location[39m
[35m[HTTP][39m [90m{}[39m
[35m[W3C (9a286c7d)][39m Driver proxy active, passing request on via HTTP proxy
[35m[WD Proxy][39m Replacing sessionId 927facaf-9eca-4e04-9fec-e85a2923d454 with 9a286c7d-2d6a-4a7b-91d8-a24708bd647b
[35m[HTTP][39m [37m<-- GET /wd/hub/session/9a286c7d-2d6a-4a7b-91d8-a24708bd647b/element/00000000-0000-00e8-ffff-ffff000001d1/location [39m[32m200[39m [90m31 ms - 79[39m
[35m[HTTP][39m [90m[39m
[35m[HTTP][39m [37m-->[39m [37mPOST[39m [37m/wd/hub/session/9a286c7d-2d6a-4a7b-91d8-a24708bd647b/touch/perform[39m
[35m[HTTP][39m [90m{"actions":[{"action":"tap","options":{"x":1,"y":1,"element":"00000000-0000-00e8-ffff-ffff000001d1"}}]}[39m
[35m[UiAutomator2][39m calling get location: 00000000-0000-00e8-ffff-ffff000001d1
[35m[HTTP][39m [37m<-- POST /wd/hub/session/9a286c7d-2d6a-4a7b-91d8-a24708bd647b/touch/perform [39m[32m200[39m [90m1320 ms - 14[39m
[35m[HTTP][39m [90m[39m
[35m[HTTP][39m [37m-->[39m [37mGET[39m [37m/wd/hub/session/9a286c7d-2d6a-4a7b-91d8-a24708bd647b/source[39m
[35m[HTTP][39m [90m{}[39m
[35m[W3C (9a286c7d)][39m Driver proxy active, passing request on via HTTP proxy
[35m[WD Proxy][39m Replacing sessionId 927facaf-9eca-4e04-9fec-e85a2923d454 with 9a286c7d-2d6a-4a7b-91d8-a24708bd647b
[35m[HTTP][39m [37m<-- GET /wd/hub/session/9a286c7d-2d6a-4a7b-91d8-a24708bd647b/source [39m[32m200[39m [90m339 ms - 30469[39m
[35m[HTTP][39m [90m[39m
[35m[HTTP][39m [37m-->[39m [37mGET[39m [37m/wd/hub/session/9a286c7d-2d6a-4a7b-91d8-a24708bd647b/screenshot[39m
[35m[HTTP][39m [90m{}[39m
[35m[HTTP][39m [37m<-- GET /wd/hub/session/9a286c7d-2d6a-4a7b-91d8-a24708bd647b/screenshot [39m[32m200[39m [90m459 ms - 232366[39m
[35m[HTTP][39m [90m[39m
[35m[HTTP][39m [37m-->[39m [37mPOST[39m [37m/wd/hub/session/9a286c7d-2d6a-4a7b-91d8-a24708bd647b/elements[39m
[35m[HTTP][39m [90m{"using":"xpath","value":"//*[@class = 'android.view.View' and (@text = '' or . = '')]"}[39m
[35m[HTTP][39m [37m<-- POST /wd/hub/session/9a286c7d-2d6a-4a7b-91d8-a24708bd647b/elements [39m[32m200[39m [90m271 ms - 2571[39m
[35m[HTTP][39m [90m[39m
[35m[HTTP][39m [37m-->[39m [37mPOST[39m [37m/wd/hub/session/9a286c7d-2d6a-4a7b-91d8-a24708bd647b/elements[39m
[35m[HTTP][39m [90m{"using":"-android uiautomator","value":"new UiSelector().className(\"android.view.View\")"}[39m
[35m[HTTP][39m [37m<-- POST /wd/hub/session/9a286c7d-2d6a-4a7b-91d8-a24708bd647b/elements [39m[32m200[39m [90m275 ms - 2571[39m
[35m[HTTP][39m [90m[39m
[35m[HTTP][39m [37m-->[39m [37mGET[39m [37m/wd/hub/session/9a286c7d-2d6a-4a7b-91d8-a24708bd647b/window/rect[39m
[35m[HTTP][39m [90m{}[39m
[35m[HTTP][39m [37m<-- GET /wd/hub/session/9a286c7d-2d6a-4a7b-91d8-a24708bd647b/window/rect [39m[32m200[39m [90m22 ms - 50[39m
[35m[HTTP][39m [90m[39m
[35m[HTTP][39m [37m-->[39m [37mPOST[39m [37m/wd/hub/session/9a286c7d-2d6a-4a7b-91d8-a24708bd647b/elements[39m
[35m[HTTP][39m [90m{"using":"xpath","value":"//hierarchy/android.widget.FrameLayout[1]/android.widget.LinearLayout[1]/android.widget.FrameLayout[1]/android.widget.FrameLayout[1]/android.widget.FrameLayout[1]/android.view.ViewGroup[1]/android.widget.FrameLayout[1]/android.widget.FrameLayout[1]/android.view.ViewGroup[1]/android.view.ViewGroup[1]/android.widget.FrameLayout[1]/android.widget.FrameLayout[1]/android.view.ViewGroup[1]/androidx.recyclerview.widget.RecyclerView[1]/androidx.compose.ui.platform.ComposeView[5]/android.view.View[1]/android.view.View[1]"}[39m
[35m[HTTP][39m [37m<-- POST /wd/hub/session/9a286c7d-2d6a-4a7b-91d8-a24708bd647b/elements [39m[32m200[39m [90m179 ms - 139[39m
[35m[HTTP][39m [90m[39m
[35m[HTTP][39m [37m-->[39m [37mGET[39m [37m/wd/hub/session/9a286c7d-2d6a-4a7b-91d8-a24708bd647b/element/00000000-0000-00e8-0000-00d800000278/location[39m
[35m[HTTP][39m [90m{}[39m
[35m[W3C (9a286c7d)][39m Driver proxy active, passing request on via HTTP proxy
[35m[WD Proxy][39m Replacing sessionId 927facaf-9eca-4e04-9fec-e85a2923d454 with 9a286c7d-2d6a-4a7b-91d8-a24708bd647b
[35m[HTTP][39m [37m<-- GET /wd/hub/session/9a286c7d-2d6a-4a7b-91d8-a24708bd647b/element/00000000-0000-00e8-0000-00d800000278/location [39m[32m200[39m [90m22 ms - 77[39m
[35m[HTTP][39m [90m[39m
[35m[HTTP][39m [37m-->[39m [37mPOST[39m [37m/wd/hub/session/9a286c7d-2d6a-4a7b-91d8-a24708bd647b/element/00000000-0000-00e8-0000-00d800000278/clear[39m
[35m[HTTP][39m [90m{"id":"00000000-0000-00e8-0000-00d800000278"}[39m
[35m[HTTP][39m [37m<-- POST /wd/hub/session/9a286c7d-2d6a-4a7b-91d8-a24708bd647b/element/00000000-0000-00e8-0000-00d800000278/clear [39m[32m200[39m [90m31 ms - 14[39m
[35m[HTTP][39m [90m[39m
[35m[HTTP][39m [37m-->[39m [37mPOST[39m [37m/wd/hub/session/9a286c7d-2d6a-4a7b-91d8-a24708bd647b/element/00000000-0000-00e8-0000-00d800000278/value[39m
[35m[HTTP][39m [90m{"id":"00000000-0000-00e8-0000-00d800000278","text":"Testing new Task","value":["T","e","s","t","i","n","g"," ","n","e","w"," ","T","a","s","k"]}[39m
[35m[WD Proxy][39m Got response with status 400: {"sessionId":"927facaf-9eca-4e04-9fec-e85a2923d454","value":{"error":"invalid element state","message":"Cannot set the element to 'Testing new Task'. Did you interact with the correct element?","stacktrace":"io.appium.uiautomator2.common.exceptions.InvalidElementStateException: Cannot set the element to 'Testing new Task'. Did you interact with the correct element?\n\tat io.appium.uiautomator2.handler.SendKeysToElement.setText(SendKeysToElement.java:87)\n\tat io.appium.uiautomator2.handler.SendKeysToElement.safeHandle(SendKeysToElement.java:115)\n\tat io.appium.uiautomator2.handler.request.SafeRequestHandler.handle(SafeRequestHandler.java:59)\n\tat io.appium.uiautomator2.server.AppiumServlet.handleRequest(AppiumServlet.java:266)\n\tat io.appium.uiautomator2.server.AppiumServlet.handleHttpRequest(AppiumServlet.java:260)\n\tat io.appium.uiautomator2.http.ServerHandler.channelRead(ServerHandler.java:68)\n\tat io.netty.channel.AbstractChannelHandlerContext.invokeChannelRead(AbstractChannelHandlerContext.java:3...
[35m[HTTP][39m [37m<-- POST /wd/hub/session/9a286c7d-2d6a-4a7b-91d8-a24708bd647b/element/00000000-0000-00e8-0000-00d800000278/value [39m[33m400[39m [90m106 ms - 3912[39m
[35m[HTTP][39m [90m[39m
[35m[HTTP][39m [37m-->[39m [37mPOST[39m [37m/wd/hub/session/9a286c7d-2d6a-4a7b-91d8-a24708bd647b/elements[39m
[35m[HTTP][39m [90m{"using":"xpath","value":"//*[@class = 'android.view.View' and (@text = '' or . = '')]"}[39m
[35m[HTTP][39m [37m<-- POST /wd/hub/session/9a286c7d-2d6a-4a7b-91d8-a24708bd647b/elements [39m[32m200[39m [90m306 ms - 2571[39m
[35m[HTTP][39m [90m[39m
[35m[HTTP][39m [37m-->[39m [37mPOST[39m [37m/wd/hub/session/9a286c7d-2d6a-4a7b-91d8-a24708bd647b/elements[39m
[35m[HTTP][39m [90m{"using":"-android uiautomator","value":"new UiSelector().className(\"android.view.View\")"}[39m
[35m[HTTP][39m [37m<-- POST /wd/hub/session/9a286c7d-2d6a-4a7b-91d8-a24708bd647b/elements [39m[32m200[39m [90m283 ms - 2571[39m
[35m[HTTP][39m [90m[39m
[35m[HTTP][39m [37m-->[39m [37mGET[39m [37m/wd/hub/session/9a286c7d-2d6a-4a7b-91d8-a24708bd647b/window/rect[39m
[35m[HTTP][39m [90m{}[39m
[35m[HTTP][39m [37m<-- GET /wd/hub/session/9a286c7d-2d6a-4a7b-91d8-a24708bd647b/window/rect [39m[32m200[39m [90m17 ms - 50[39m
[35m[HTTP][39m [90m[39m
[35m[HTTP][39m [37m-->[39m [37mPOST[39m [37m/wd/hub/session/9a286c7d-2d6a-4a7b-91d8-a24708bd647b/elements[39m
[35m[HTTP][39m [90m{"using":"xpath","value":"//hierarchy/android.widget.FrameLayout[1]/android.widget.LinearLayout[1]/android.widget.FrameLayout[1]/android.widget.FrameLayout[1]/android.widget.FrameLayout[1]/android.view.ViewGroup[1]/android.widget.FrameLayout[1]/android.widget.FrameLayout[1]/android.view.ViewGroup[1]/android.view.ViewGroup[1]/android.widget.FrameLayout[1]/android.widget.FrameLayout[1]/android.view.ViewGroup[1]/androidx.recyclerview.widget.RecyclerView[1]/androidx.compose.ui.platform.ComposeView[5]/android.view.View[1]/android.view.View[1]"}[39m
[35m[HTTP][39m [37m<-- POST /wd/hub/session/9a286c7d-2d6a-4a7b-91d8-a24708bd647b/elements [39m[32m200[39m [90m155 ms - 139[39m
[35m[HTTP][39m [90m[39m
[35m[HTTP][39m [37m-->[39m [37mGET[39m [37m/wd/hub/session/9a286c7d-2d6a-4a7b-91d8-a24708bd647b/element/00000000-0000-00e8-0000-00d800000278/location[39m
[35m[HTTP][39m [90m{}[39m
[35m[W3C (9a286c7d)][39m Driver proxy active, passing request on via HTTP proxy
[35m[WD Proxy][39m Replacing sessionId 927facaf-9eca-4e04-9fec-e85a2923d454 with 9a286c7d-2d6a-4a7b-91d8-a24708bd647b
[35m[HTTP][39m [37m<-- GET /wd/hub/session/9a286c7d-2d6a-4a7b-91d8-a24708bd647b/element/00000000-0000-00e8-0000-00d800000278/location [39m[32m200[39m [90m27 ms - 77[39m
[35m[HTTP][39m [90m[39m
[35m[HTTP][39m [37m-->[39m [37mPOST[39m [37m/wd/hub/session/9a286c7d-2d6a-4a7b-91d8-a24708bd647b/touch/perform[39m
[35m[HTTP][39m [90m{"actions":[{"action":"tap","options":{"x":1,"y":1,"element":"00000000-0000-00e8-0000-00d800000278"}}]}[39m
[35m[UiAutomator2][39m calling get location: 00000000-0000-00e8-0000-00d800000278
[35m[HTTP][39m [37m<-- POST /wd/hub/session/9a286c7d-2d6a-4a7b-91d8-a24708bd647b/touch/perform [39m[32m200[39m [90m189 ms - 14[39m
[35m[HTTP][39m [90m[39m
[35m[HTTP][39m [37m-->[39m [37mGET[39m [37m/wd/hub/session/9a286c7d-2d6a-4a7b-91d8-a24708bd647b/source[39m
[35m[HTTP][39m [90m{}[39m
[35m[W3C (9a286c7d)][39m Driver proxy active, passing request on via HTTP proxy
[35m[WD Proxy][39m Replacing sessionId 927facaf-9eca-4e04-9fec-e85a2923d454 with 9a286c7d-2d6a-4a7b-91d8-a24708bd647b
[35m[HTTP][39m [37m<-- GET /wd/hub/session/9a286c7d-2d6a-4a7b-91d8-a24708bd647b/source [39m[32m200[39m [90m240 ms - 30469[39m
[35m[HTTP][39m [90m[39m
[35m[HTTP][39m [37m-->[39m [37mGET[39m [37m/wd/hub/session/9a286c7d-2d6a-4a7b-91d8-a24708bd647b/screenshot[39m
[35m[HTTP][39m [90m{}[39m
[35m[HTTP][39m [37m<-- GET /wd/hub/session/9a286c7d-2d6a-4a7b-91d8-a24708bd647b/screenshot [39m[32m200[39m [90m456 ms - 236924[39m
[35m[HTTP][39m [90m[39m
[35m[HTTP][39m [37m-->[39m [37mPOST[39m [37m/wd/hub/session/9a286c7d-2d6a-4a7b-91d8-a24708bd647b/elements[39m
[35m[HTTP][39m [90m{"using":"xpath","value":"//*[@class = 'android.widget.EditText' and (@text = 'e.g. Portuguese class every weekday' or . = 'e.g. Portuguese class every weekday') and @resource-id = 'android:id/message']"}[39m
[35m[HTTP][39m [37m<-- POST /wd/hub/session/9a286c7d-2d6a-4a7b-91d8-a24708bd647b/elements [39m[32m200[39m [90m60074 ms - 12[39m
[35m[HTTP][39m [90m[39m
[35m[HTTP][39m [37m-->[39m [37mPOST[39m [37m/wd/hub/session/9a286c7d-2d6a-4a7b-91d8-a24708bd647b/elements[39m
[35m[HTTP][39m [90m{"using":"id","value":"android:id/message"}[39m
[35m[HTTP][39m [37m<-- POST /wd/hub/session/9a286c7d-2d6a-4a7b-91d8-a24708bd647b/elements [39m[32m200[39m [90m194 ms - 139[39m
[35m[HTTP][39m [90m[39m
[35m[HTTP][39m [37m-->[39m [37mGET[39m [37m/wd/hub/session/9a286c7d-2d6a-4a7b-91d8-a24708bd647b/window/rect[39m
[35m[HTTP][39m [90m{}[39m
[35m[HTTP][39m [37m<-- GET /wd/hub/session/9a286c7d-2d6a-4a7b-91d8-a24708bd647b/window/rect [39m[32m200[39m [90m49 ms - 50[39m
[35m[HTTP][39m [90m[39m
[35m[HTTP][39m [37m-->[39m [37mPOST[39m [37m/wd/hub/session/9a286c7d-2d6a-4a7b-91d8-a24708bd647b/elements[39m
[35m[HTTP][39m [90m{"using":"id","value":"android:id/message"}[39m
[35m[HTTP][39m [37m<-- POST /wd/hub/session/9a286c7d-2d6a-4a7b-91d8-a24708bd647b/elements [39m[32m200[39m [90m354 ms - 139[39m
[35m[HTTP][39m [90m[39m
[35m[HTTP][39m [37m-->[39m [37mGET[39m [37m/wd/hub/session/9a286c7d-2d6a-4a7b-91d8-a24708bd647b/element/00000000-0000-00e8-ffff-ffff000002b6/location[39m
[35m[HTTP][39m [90m{}[39m
[35m[W3C (9a286c7d)][39m Driver proxy active, passing request on via HTTP proxy
[35m[WD Proxy][39m Replacing sessionId 927facaf-9eca-4e04-9fec-e85a2923d454 with 9a286c7d-2d6a-4a7b-91d8-a24708bd647b
[35m[HTTP][39m [37m<-- GET /wd/hub/session/9a286c7d-2d6a-4a7b-91d8-a24708bd647b/element/00000000-0000-00e8-ffff-ffff000002b6/location [39m[32m200[39m [90m60 ms - 77[39m
[35m[HTTP][39m [90m[39m
[35m[HTTP][39m [37m-->[39m [37mPOST[39m [37m/wd/hub/session/9a286c7d-2d6a-4a7b-91d8-a24708bd647b/element/00000000-0000-00e8-ffff-ffff000002b6/clear[39m
[35m[HTTP][39m [90m{"id":"00000000-0000-00e8-ffff-ffff000002b6"}[39m
[35m[HTTP][39m [37m<-- POST /wd/hub/session/9a286c7d-2d6a-4a7b-91d8-a24708bd647b/element/00000000-0000-00e8-ffff-ffff000002b6/clear [39m[32m200[39m [90m68 ms - 14[39m
[35m[HTTP][39m [90m[39m
[35m[HTTP][39m [37m-->[39m [37mPOST[39m [37m/wd/hub/session/9a286c7d-2d6a-4a7b-91d8-a24708bd647b/element/00000000-0000-00e8-ffff-ffff000002b6/value[39m
[35m[HTTP][39m [90m{"id":"00000000-0000-00e8-ffff-ffff000002b6","text":"Testing Task","value":["T","e","s","t","i","n","g"," ","T","a","s","k"]}[39m
[35m[HTTP][39m [37m<-- POST /wd/hub/session/9a286c7d-2d6a-4a7b-91d8-a24708bd647b/element/00000000-0000-00e8-ffff-ffff000002b6/value [39m[32m200[39m [90m1353 ms - 14[39m
[35m[HTTP][39m [90m[39m
[35m[HTTP][39m [37m-->[39m [37mGET[39m [37m/wd/hub/session/9a286c7d-2d6a-4a7b-91d8-a24708bd647b/source[39m
[35m[HTTP][39m [90m{}[39m
[35m[W3C (9a286c7d)][39m Driver proxy active, passing request on via HTTP proxy
[35m[WD Proxy][39m Replacing sessionId 927facaf-9eca-4e04-9fec-e85a2923d454 with 9a286c7d-2d6a-4a7b-91d8-a24708bd647b
[35m[HTTP][39m [37m<-- GET /wd/hub/session/9a286c7d-2d6a-4a7b-91d8-a24708bd647b/source [39m[32m200[39m [90m276 ms - 30445[39m
[35m[HTTP][39m [90m[39m
[35m[HTTP][39m [37m-->[39m [37mGET[39m [37m/wd/hub/session/9a286c7d-2d6a-4a7b-91d8-a24708bd647b/screenshot[39m
[35m[HTTP][39m [90m{}[39m
[35m[HTTP][39m [37m<-- GET /wd/hub/session/9a286c7d-2d6a-4a7b-91d8-a24708bd647b/screenshot [39m[32m200[39m [90m434 ms - 219960[39m
[35m[HTTP][39m [90m[39m
[35m[HTTP][39m [37m-->[39m [37mPOST[39m [37m/wd/hub/session/9a286c7d-2d6a-4a7b-91d8-a24708bd647b/elements[39m
[35m[HTTP][39m [90m{"using":"xpath","value":"//*[@class = 'android.widget.EditText' and (@text = 'Description' or . = 'Description') and @resource-id = 'com.todoist:id/description']"}[39m
[35m[HTTP][39m [37m<-- POST /wd/hub/session/9a286c7d-2d6a-4a7b-91d8-a24708bd647b/elements [39m[32m200[39m [90m203 ms - 139[39m
[35m[HTTP][39m [90m[39m
[35m[HTTP][39m [37m-->[39m [37mGET[39m [37m/wd/hub/session/9a286c7d-2d6a-4a7b-91d8-a24708bd647b/window/rect[39m
[35m[HTTP][39m [90m{}[39m
[35m[HTTP][39m [37m<-- GET /wd/hub/session/9a286c7d-2d6a-4a7b-91d8-a24708bd647b/window/rect [39m[32m200[39m [90m13 ms - 50[39m
[35m[HTTP][39m [90m[39m
[35m[HTTP][39m [37m-->[39m [37mPOST[39m [37m/wd/hub/session/9a286c7d-2d6a-4a7b-91d8-a24708bd647b/elements[39m
[35m[HTTP][39m [90m{"using":"xpath","value":"//*[@class = 'android.widget.EditText' and (@text = 'Description' or . = 'Description') and @resource-id = 'com.todoist:id/description']"}[39m
[35m[HTTP][39m [37m<-- POST /wd/hub/session/9a286c7d-2d6a-4a7b-91d8-a24708bd647b/elements [39m[32m200[39m [90m226 ms - 139[39m
[35m[HTTP][39m [90m[39m
[35m[HTTP][39m [37m-->[39m [37mGET[39m [37m/wd/hub/session/9a286c7d-2d6a-4a7b-91d8-a24708bd647b/element/00000000-0000-00e8-ffff-ffff000002b7/location[39m
[35m[HTTP][39m [90m{}[39m
[35m[W3C (9a286c7d)][39m Driver proxy active, passing request on via HTTP proxy
[35m[WD Proxy][39m Replacing sessionId 927facaf-9eca-4e04-9fec-e85a2923d454 with 9a286c7d-2d6a-4a7b-91d8-a24708bd647b
[35m[HTTP][39m [37m<-- GET /wd/hub/session/9a286c7d-2d6a-4a7b-91d8-a24708bd647b/element/00000000-0000-00e8-ffff-ffff000002b7/location [39m[32m200[39m [90m25 ms - 77[39m
[35m[HTTP][39m [90m[39m
[35m[HTTP][39m [37m-->[39m [37mPOST[39m [37m/wd/hub/session/9a286c7d-2d6a-4a7b-91d8-a24708bd647b/touch/perform[39m
[35m[HTTP][39m [90m{"actions":[{"action":"tap","options":{"x":1,"y":1,"element":"00000000-0000-00e8-ffff-ffff000002b7"}}]}[39m
[35m[UiAutomator2][39m calling get location: 00000000-0000-00e8-ffff-ffff000002b7
[35m[HTTP][39m [37m<-- POST /wd/hub/session/9a286c7d-2d6a-4a7b-91d8-a24708bd647b/touch/perform [39m[32m200[39m [90m239 ms - 14[39m
[35m[HTTP][39m [90m[39m
[35m[HTTP][39m [37m-->[39m [37mGET[39m [37m/wd/hub/session/9a286c7d-2d6a-4a7b-91d8-a24708bd647b/source[39m
[35m[HTTP][39m [90m{}[39m
[35m[W3C (9a286c7d)][39m Driver proxy active, passing request on via HTTP proxy
[35m[WD Proxy][39m Replacing sessionId 927facaf-9eca-4e04-9fec-e85a2923d454 with 9a286c7d-2d6a-4a7b-91d8-a24708bd647b
[35m[HTTP][39m [37m<-- GET /wd/hub/session/9a286c7d-2d6a-4a7b-91d8-a24708bd647b/source [39m[32m200[39m [90m257 ms - 30445[39m
[35m[HTTP][39m [90m[39m
[35m[HTTP][39m [37m-->[39m [37mGET[39m [37m/wd/hub/session/9a286c7d-2d6a-4a7b-91d8-a24708bd647b/screenshot[39m
[35m[HTTP][39m [90m{}[39m
[35m[HTTP][39m [37m<-- GET /wd/hub/session/9a286c7d-2d6a-4a7b-91d8-a24708bd647b/screenshot [39m[32m200[39m [90m441 ms - 221644[39m
[35m[HTTP][39m [90m[39m
[35m[HTTP][39m [37m-->[39m [37mPOST[39m [37m/wd/hub/session/9a286c7d-2d6a-4a7b-91d8-a24708bd647b/elements[39m
[35m[HTTP][39m [90m{"using":"xpath","value":"//*[@class = 'android.widget.EditText' and (@text = 'Description' or . = 'Description') and @resource-id = 'com.todoist:id/description']"}[39m
[35m[HTTP][39m [37m<-- POST /wd/hub/session/9a286c7d-2d6a-4a7b-91d8-a24708bd647b/elements [39m[32m200[39m [90m222 ms - 139[39m
[35m[HTTP][39m [90m[39m
[35m[HTTP][39m [37m-->[39m [37mGET[39m [37m/wd/hub/session/9a286c7d-2d6a-4a7b-91d8-a24708bd647b/window/rect[39m
[35m[HTTP][39m [90m{}[39m
[35m[HTTP][39m [37m<-- GET /wd/hub/session/9a286c7d-2d6a-4a7b-91d8-a24708bd647b/window/rect [39m[32m200[39m [90m13 ms - 50[39m
[35m[HTTP][39m [90m[39m
[35m[HTTP][39m [37m-->[39m [37mPOST[39m [37m/wd/hub/session/9a286c7d-2d6a-4a7b-91d8-a24708bd647b/elements[39m
[35m[HTTP][39m [90m{"using":"xpath","value":"//*[@class = 'android.widget.EditText' and (@text = 'Description' or . = 'Description') and @resource-id = 'com.todoist:id/description']"}[39m
[35m[HTTP][39m [37m<-- POST /wd/hub/session/9a286c7d-2d6a-4a7b-91d8-a24708bd647b/elements [39m[32m200[39m [90m195 ms - 139[39m
[35m[HTTP][39m [90m[39m
[35m[HTTP][39m [37m-->[39m [37mGET[39m [37m/wd/hub/session/9a286c7d-2d6a-4a7b-91d8-a24708bd647b/element/00000000-0000-00e8-ffff-ffff000002b7/location[39m
[35m[HTTP][39m [90m{}[39m
[35m[W3C (9a286c7d)][39m Driver proxy active, passing request on via HTTP proxy
[35m[WD Proxy][39m Replacing sessionId 927facaf-9eca-4e04-9fec-e85a2923d454 with 9a286c7d-2d6a-4a7b-91d8-a24708bd647b
[35m[HTTP][39m [37m<-- GET /wd/hub/session/9a286c7d-2d6a-4a7b-91d8-a24708bd647b/element/00000000-0000-00e8-ffff-ffff000002b7/location [39m[32m200[39m [90m39 ms - 77[39m
[35m[HTTP][39m [90m[39m
[35m[HTTP][39m [37m-->[39m [37mPOST[39m [37m/wd/hub/session/9a286c7d-2d6a-4a7b-91d8-a24708bd647b/element/00000000-0000-00e8-ffff-ffff000002b7/clear[39m
[35m[HTTP][39m [90m{"id":"00000000-0000-00e8-ffff-ffff000002b7"}[39m
[35m[HTTP][39m [37m<-- POST /wd/hub/session/9a286c7d-2d6a-4a7b-91d8-a24708bd647b/element/00000000-0000-00e8-ffff-ffff000002b7/clear [39m[32m200[39m [90m22 ms - 14[39m
[35m[HTTP][39m [90m[39m
[35m[HTTP][39m [37m-->[39m [37mPOST[39m [37m/wd/hub/session/9a286c7d-2d6a-4a7b-91d8-a24708bd647b/element/00000000-0000-00e8-ffff-ffff000002b7/value[39m
[35m[HTTP][39m [90m{"id":"00000000-0000-00e8-ffff-ffff000002b7","text":"testing for create new task","value":["t","e","s","t","i","n","g"," ","f","o","r"," ","c","r","e","a","t","e"," ","n","e","w"," ","t","a","s","k"]}[39m
[35m[HTTP][39m [37m<-- POST /wd/hub/session/9a286c7d-2d6a-4a7b-91d8-a24708bd647b/element/00000000-0000-00e8-ffff-ffff000002b7/value [39m[32m200[39m [90m1377 ms - 14[39m
[35m[HTTP][39m [90m[39m
[35m[HTTP][39m [37m-->[39m [37mGET[39m [37m/wd/hub/session/9a286c7d-2d6a-4a7b-91d8-a24708bd647b/source[39m
[35m[HTTP][39m [90m{}[39m
[35m[W3C (9a286c7d)][39m Driver proxy active, passing request on via HTTP proxy
[35m[WD Proxy][39m Replacing sessionId 927facaf-9eca-4e04-9fec-e85a2923d454 with 9a286c7d-2d6a-4a7b-91d8-a24708bd647b
[35m[HTTP][39m [37m<-- GET /wd/hub/session/9a286c7d-2d6a-4a7b-91d8-a24708bd647b/source [39m[32m200[39m [90m302 ms - 30461[39m
[35m[HTTP][39m [90m[39m
[35m[HTTP][39m [37m-->[39m [37mGET[39m [37m/wd/hub/session/9a286c7d-2d6a-4a7b-91d8-a24708bd647b/screenshot[39m
[35m[HTTP][39m [90m{}[39m
[35m[HTTP][39m [37m<-- GET /wd/hub/session/9a286c7d-2d6a-4a7b-91d8-a24708bd647b/screenshot [39m[32m200[39m [90m448 ms - 223742[39m
[35m[HTTP][39m [90m[39m
[35m[HTTP][39m [37m-->[39m [37mPOST[39m [37m/wd/hub/session/9a286c7d-2d6a-4a7b-91d8-a24708bd647b/elements[39m
[35m[HTTP][39m [90m{"using":"xpath","value":"//*[@class = 'android.widget.TextView' and (@text = 'Due date' or . = 'Due date') and @resource-id = 'com.todoist:id/schedule']"}[39m
[35m[HTTP][39m [37m<-- POST /wd/hub/session/9a286c7d-2d6a-4a7b-91d8-a24708bd647b/elements [39m[32m200[39m [90m177 ms - 139[39m
[35m[HTTP][39m [90m[39m
[35m[HTTP][39m [37m-->[39m [37mGET[39m [37m/wd/hub/session/9a286c7d-2d6a-4a7b-91d8-a24708bd647b/window/rect[39m
[35m[HTTP][39m [90m{}[39m
[35m[HTTP][39m [37m<-- GET /wd/hub/session/9a286c7d-2d6a-4a7b-91d8-a24708bd647b/window/rect [39m[32m200[39m [90m15 ms - 50[39m
[35m[HTTP][39m [90m[39m
[35m[HTTP][39m [37m-->[39m [37mPOST[39m [37m/wd/hub/session/9a286c7d-2d6a-4a7b-91d8-a24708bd647b/elements[39m
[35m[HTTP][39m [90m{"using":"xpath","value":"//*[@class = 'android.widget.TextView' and (@text = 'Due date' or . = 'Due date') and @resource-id = 'com.todoist:id/schedule']"}[39m
[35m[HTTP][39m [37m<-- POST /wd/hub/session/9a286c7d-2d6a-4a7b-91d8-a24708bd647b/elements [39m[32m200[39m [90m175 ms - 139[39m
[35m[HTTP][39m [90m[39m
[35m[HTTP][39m [37m-->[39m [37mGET[39m [37m/wd/hub/session/9a286c7d-2d6a-4a7b-91d8-a24708bd647b/element/00000000-0000-00e8-ffff-ffff000002c2/location[39m
[35m[HTTP][39m [90m{}[39m
[35m[W3C (9a286c7d)][39m Driver proxy active, passing request on via HTTP proxy
[35m[WD Proxy][39m Replacing sessionId 927facaf-9eca-4e04-9fec-e85a2923d454 with 9a286c7d-2d6a-4a7b-91d8-a24708bd647b
[35m[HTTP][39m [37m<-- GET /wd/hub/session/9a286c7d-2d6a-4a7b-91d8-a24708bd647b/element/00000000-0000-00e8-ffff-ffff000002c2/location [39m[32m200[39m [90m14 ms - 78[39m
[35m[HTTP][39m [90m[39m
[35m[HTTP][39m [37m-->[39m [37mPOST[39m [37m/wd/hub/session/9a286c7d-2d6a-4a7b-91d8-a24708bd647b/touch/perform[39m
[35m[HTTP][39m [90m{"actions":[{"action":"tap","options":{"x":1,"y":1,"element":"00000000-0000-00e8-ffff-ffff000002c2"}}]}[39m
[35m[UiAutomator2][39m calling get location: 00000000-0000-00e8-ffff-ffff000002c2
[35m[HTTP][39m [37m<-- POST /wd/hub/session/9a286c7d-2d6a-4a7b-91d8-a24708bd647b/touch/perform [39m[32m200[39m [90m188 ms - 14[39m
[35m[HTTP][39m [90m[39m
[35m[HTTP][39m [37m-->[39m [37mGET[39m [37m/wd/hub/session/9a286c7d-2d6a-4a7b-91d8-a24708bd647b/source[39m
[35m[HTTP][39m [90m{}[39m
[35m[W3C (9a286c7d)][39m Driver proxy active, passing request on via HTTP proxy
[35m[WD Proxy][39m Replacing sessionId 927facaf-9eca-4e04-9fec-e85a2923d454 with 9a286c7d-2d6a-4a7b-91d8-a24708bd647b
[35m[HTTP][39m [37m<-- GET /wd/hub/session/9a286c7d-2d6a-4a7b-91d8-a24708bd647b/source [39m[32m200[39m [90m756 ms - 32978[39m
[35m[HTTP][39m [90m[39m
[35m[HTTP][39m [37m-->[39m [37mGET[39m [37m/wd/hub/session/9a286c7d-2d6a-4a7b-91d8-a24708bd647b/screenshot[39m
[35m[HTTP][39m [90m{}[39m
[35m[HTTP][39m [37m<-- GET /wd/hub/session/9a286c7d-2d6a-4a7b-91d8-a24708bd647b/screenshot [39m[32m200[39m [90m409 ms - 164606[39m
[35m[HTTP][39m [90m[39m
[35m[HTTP][39m [37m-->[39m [37mPOST[39m [37m/wd/hub/session/9a286c7d-2d6a-4a7b-91d8-a24708bd647b/elements[39m
[35m[HTTP][39m [90m{"using":"xpath","value":"//*[@class = 'android.view.View' and (@text = '' or . = '')]"}[39m
[35m[HTTP][39m [37m<-- POST /wd/hub/session/9a286c7d-2d6a-4a7b-91d8-a24708bd647b/elements [39m[32m200[39m [90m547 ms - 5771[39m
[35m[HTTP][39m [90m[39m
[35m[HTTP][39m [37m-->[39m [37mPOST[39m [37m/wd/hub/session/9a286c7d-2d6a-4a7b-91d8-a24708bd647b/elements[39m
[35m[HTTP][39m [90m{"using":"accessibility id","value":"18 Mei 2024"}[39m
[35m[HTTP][39m [37m<-- POST /wd/hub/session/9a286c7d-2d6a-4a7b-91d8-a24708bd647b/elements [39m[32m200[39m [90m197 ms - 139[39m
[35m[HTTP][39m [90m[39m
[35m[HTTP][39m [37m-->[39m [37mGET[39m [37m/wd/hub/session/9a286c7d-2d6a-4a7b-91d8-a24708bd647b/window/rect[39m
[35m[HTTP][39m [90m{}[39m
[35m[HTTP][39m [37m<-- GET /wd/hub/session/9a286c7d-2d6a-4a7b-91d8-a24708bd647b/window/rect [39m[32m200[39m [90m28 ms - 50[39m
[35m[HTTP][39m [90m[39m
[35m[HTTP][39m [37m-->[39m [37mPOST[39m [37m/wd/hub/session/9a286c7d-2d6a-4a7b-91d8-a24708bd647b/elements[39m
[35m[HTTP][39m [90m{"using":"accessibility id","value":"18 Mei 2024"}[39m
[35m[HTTP][39m [37m<-- POST /wd/hub/session/9a286c7d-2d6a-4a7b-91d8-a24708bd647b/elements [39m[32m200[39m [90m476 ms - 139[39m
[35m[HTTP][39m [90m[39m
[35m[HTTP][39m [37m-->[39m [37mGET[39m [37m/wd/hub/session/9a286c7d-2d6a-4a7b-91d8-a24708bd647b/element/00000000-0000-00ef-0000-00090000031e/location[39m
[35m[HTTP][39m [90m{}[39m
[35m[W3C (9a286c7d)][39m Driver proxy active, passing request on via HTTP proxy
[35m[WD Proxy][39m Replacing sessionId 927facaf-9eca-4e04-9fec-e85a2923d454 with 9a286c7d-2d6a-4a7b-91d8-a24708bd647b
[35m[HTTP][39m [37m<-- GET /wd/hub/session/9a286c7d-2d6a-4a7b-91d8-a24708bd647b/element/00000000-0000-00ef-0000-00090000031e/location [39m[32m200[39m [90m50 ms - 79[39m
[35m[HTTP][39m [90m[39m
[35m[HTTP][39m [37m-->[39m [37mPOST[39m [37m/wd/hub/session/9a286c7d-2d6a-4a7b-91d8-a24708bd647b/touch/perform[39m
[35m[HTTP][39m [90m{"actions":[{"action":"tap","options":{"x":1,"y":1,"element":"00000000-0000-00ef-0000-00090000031e"}}]}[39m
[35m[UiAutomator2][39m calling get location: 00000000-0000-00ef-0000-00090000031e
[35m[HTTP][39m [37m<-- POST /wd/hub/session/9a286c7d-2d6a-4a7b-91d8-a24708bd647b/touch/perform [39m[32m200[39m [90m255 ms - 14[39m
[35m[HTTP][39m [90m[39m
[35m[HTTP][39m [37m-->[39m [37mGET[39m [37m/wd/hub/session/9a286c7d-2d6a-4a7b-91d8-a24708bd647b/source[39m
[35m[HTTP][39m [90m{}[39m
[35m[W3C (9a286c7d)][39m Driver proxy active, passing request on via HTTP proxy
[35m[WD Proxy][39m Replacing sessionId 927facaf-9eca-4e04-9fec-e85a2923d454 with 9a286c7d-2d6a-4a7b-91d8-a24708bd647b
[35m[HTTP][39m [37m<-- GET /wd/hub/session/9a286c7d-2d6a-4a7b-91d8-a24708bd647b/source [39m[32m200[39m [90m552 ms - 32971[39m
[35m[HTTP][39m [90m[39m
[35m[HTTP][39m [37m-->[39m [37mGET[39m [37m/wd/hub/session/9a286c7d-2d6a-4a7b-91d8-a24708bd647b/screenshot[39m
[35m[HTTP][39m [90m{}[39m
[35m[HTTP][39m [37m<-- GET /wd/hub/session/9a286c7d-2d6a-4a7b-91d8-a24708bd647b/screenshot [39m[32m200[39m [90m435 ms - 163354[39m
[35m[HTTP][39m [90m[39m
[35m[HTTP][39m [37m-->[39m [37mGET[39m [37m/wd/hub/session/9a286c7d-2d6a-4a7b-91d8-a24708bd647b/context[39m
[35m[HTTP][39m [90m{}[39m
[35m[HTTP][39m [37m<-- GET /wd/hub/session/9a286c7d-2d6a-4a7b-91d8-a24708bd647b/context [39m[32m200[39m [90m3 ms - 22[39m
[35m[HTTP][39m [90m[39m
[35m[HTTP][39m [37m-->[39m [37mGET[39m [37m/wd/hub/session/9a286c7d-2d6a-4a7b-91d8-a24708bd647b/contexts[39m
[35m[HTTP][39m [90m{}[39m
[35m[HTTP][39m [37m<-- GET /wd/hub/session/9a286c7d-2d6a-4a7b-91d8-a24708bd647b/contexts [39m[32m200[39m [90m180 ms - 24[39m
[35m[HTTP][39m [90m[39m
[35m[HTTP][39m [37m-->[39m [37mPOST[39m [37m/wd/hub/session/9a286c7d-2d6a-4a7b-91d8-a24708bd647b/context[39m
[35m[HTTP][39m [90m{"name":"NATIVE_APP"}[39m
[35m[HTTP][39m [37m<-- POST /wd/hub/session/9a286c7d-2d6a-4a7b-91d8-a24708bd647b/context [39m[32m200[39m [90m2 ms - 14[39m
[35m[HTTP][39m [90m[39m
[35m[HTTP][39m [37m-->[39m [37mPOST[39m [37m/wd/hub/session/9a286c7d-2d6a-4a7b-91d8-a24708bd647b/element[39m
[35m[HTTP][39m [90m{"using":"-android uiautomator","value":"new UiScrollable(new UiSelector().scrollable(true).instance(0)).scrollIntoView(new UiSelector().textContains(\"SAVE\"))"}[39m
[35m[HTTP][39m [37m<-- POST /wd/hub/session/9a286c7d-2d6a-4a7b-91d8-a24708bd647b/element [39m[32m200[39m [90m521 ms - 137[39m
[35m[HTTP][39m [90m[39m
[35m[HTTP][39m [37m-->[39m [37mPOST[39m [37m/wd/hub/session/9a286c7d-2d6a-4a7b-91d8-a24708bd647b/context[39m
[35m[HTTP][39m [90m{"name":"NATIVE_APP"}[39m
[35m[HTTP][39m [37m<-- POST /wd/hub/session/9a286c7d-2d6a-4a7b-91d8-a24708bd647b/context [39m[32m200[39m [90m1 ms - 14[39m
[35m[HTTP][39m [90m[39m
[35m[HTTP][39m [37m-->[39m [37mGET[39m [37m/wd/hub/session/9a286c7d-2d6a-4a7b-91d8-a24708bd647b/source[39m
[35m[HTTP][39m [90m{}[39m
[35m[W3C (9a286c7d)][39m Driver proxy active, passing request on via HTTP proxy
[35m[WD Proxy][39m Replacing sessionId 927facaf-9eca-4e04-9fec-e85a2923d454 with 9a286c7d-2d6a-4a7b-91d8-a24708bd647b
[35m[HTTP][39m [37m<-- GET /wd/hub/session/9a286c7d-2d6a-4a7b-91d8-a24708bd647b/source [39m[32m200[39m [90m566 ms - 32971[39m
[35m[HTTP][39m [90m[39m
[35m[HTTP][39m [37m-->[39m [37mGET[39m [37m/wd/hub/session/9a286c7d-2d6a-4a7b-91d8-a24708bd647b/screenshot[39m
[35m[HTTP][39m [90m{}[39m
[35m[HTTP][39m [37m<-- GET /wd/hub/session/9a286c7d-2d6a-4a7b-91d8-a24708bd647b/screenshot [39m[32m200[39m [90m409 ms - 163366[39m
[35m[HTTP][39m [90m[39m
[35m[HTTP][39m [37m-->[39m [37mPOST[39m [37m/wd/hub/session/9a286c7d-2d6a-4a7b-91d8-a24708bd647b/elements[39m
[35m[HTTP][39m [90m{"using":"xpath","value":"//*[@class = 'android.widget.Button' and (@text = 'SAVE' or . = 'SAVE') and @resource-id = 'com.todoist:id/scheduler_submit']"}[39m
[35m[HTTP][39m [37m<-- POST /wd/hub/session/9a286c7d-2d6a-4a7b-91d8-a24708bd647b/elements [39m[32m200[39m [90m531 ms - 139[39m
[35m[HTTP][39m [90m[39m
[35m[HTTP][39m [37m-->[39m [37mGET[39m [37m/wd/hub/session/9a286c7d-2d6a-4a7b-91d8-a24708bd647b/window/rect[39m
[35m[HTTP][39m [90m{}[39m
[35m[HTTP][39m [37m<-- GET /wd/hub/session/9a286c7d-2d6a-4a7b-91d8-a24708bd647b/window/rect [39m[32m200[39m [90m9 ms - 50[39m
[35m[HTTP][39m [90m[39m
[35m[HTTP][39m [37m-->[39m [37mPOST[39m [37m/wd/hub/session/9a286c7d-2d6a-4a7b-91d8-a24708bd647b/elements[39m
[35m[HTTP][39m [90m{"using":"xpath","value":"//*[@class = 'android.widget.Button' and (@text = 'SAVE' or . = 'SAVE') and @resource-id = 'com.todoist:id/scheduler_submit']"}[39m
[35m[HTTP][39m [37m<-- POST /wd/hub/session/9a286c7d-2d6a-4a7b-91d8-a24708bd647b/elements [39m[32m200[39m [90m356 ms - 139[39m
[35m[HTTP][39m [90m[39m
[35m[HTTP][39m [37m-->[39m [37mGET[39m [37m/wd/hub/session/9a286c7d-2d6a-4a7b-91d8-a24708bd647b/element/00000000-0000-00ef-ffff-ffff00000303/location[39m
[35m[HTTP][39m [90m{}[39m
[35m[W3C (9a286c7d)][39m Driver proxy active, passing request on via HTTP proxy
[35m[WD Proxy][39m Replacing sessionId 927facaf-9eca-4e04-9fec-e85a2923d454 with 9a286c7d-2d6a-4a7b-91d8-a24708bd647b
[35m[HTTP][39m [37m<-- GET /wd/hub/session/9a286c7d-2d6a-4a7b-91d8-a24708bd647b/element/00000000-0000-00ef-ffff-ffff00000303/location [39m[32m200[39m [90m25 ms - 79[39m
[35m[HTTP][39m [90m[39m
[35m[HTTP][39m [37m-->[39m [37mPOST[39m [37m/wd/hub/session/9a286c7d-2d6a-4a7b-91d8-a24708bd647b/touch/perform[39m
[35m[HTTP][39m [90m{"actions":[{"action":"tap","options":{"x":1,"y":1,"element":"00000000-0000-00ef-ffff-ffff00000303"}}]}[39m
[35m[UiAutomator2][39m calling get location: 00000000-0000-00ef-ffff-ffff00000303
[35m[HTTP][39m [37m<-- POST /wd/hub/session/9a286c7d-2d6a-4a7b-91d8-a24708bd647b/touch/perform [39m[32m200[39m [90m178 ms - 14[39m
[35m[HTTP][39m [90m[39m
[35m[HTTP][39m [37m-->[39m [37mGET[39m [37m/wd/hub/session/9a286c7d-2d6a-4a7b-91d8-a24708bd647b/source[39m
[35m[HTTP][39m [90m{}[39m
[35m[W3C (9a286c7d)][39m Driver proxy active, passing request on via HTTP proxy
[35m[WD Proxy][39m Replacing sessionId 927facaf-9eca-4e04-9fec-e85a2923d454 with 9a286c7d-2d6a-4a7b-91d8-a24708bd647b
[35m[HTTP][39m [37m<-- GET /wd/hub/session/9a286c7d-2d6a-4a7b-91d8-a24708bd647b/source [39m[32m200[39m [90m665 ms - 30466[39m
[35m[HTTP][39m [90m[39m
[35m[HTTP][39m [37m-->[39m [37mGET[39m [37m/wd/hub/session/9a286c7d-2d6a-4a7b-91d8-a24708bd647b/screenshot[39m
[35m[HTTP][39m [90m{}[39m
[35m[HTTP][39m [37m<-- GET /wd/hub/session/9a286c7d-2d6a-4a7b-91d8-a24708bd647b/screenshot [39m[32m200[39m [90m455 ms - 229850[39m
[35m[HTTP][39m [90m[39m
[35m[HTTP][39m [37m-->[39m [37mPOST[39m [37m/wd/hub/session/9a286c7d-2d6a-4a7b-91d8-a24708bd647b/elements[39m
[35m[HTTP][39m [90m{"using":"xpath","value":"//*[@class = 'android.widget.ImageView' and @resource-id = 'android:id/button1' and (@text = '' or . = '')]"}[39m
[35m[HTTP][39m [37m<-- POST /wd/hub/session/9a286c7d-2d6a-4a7b-91d8-a24708bd647b/elements [39m[32m200[39m [90m279 ms - 139[39m
[35m[HTTP][39m [90m[39m
[35m[HTTP][39m [37m-->[39m [37mGET[39m [37m/wd/hub/session/9a286c7d-2d6a-4a7b-91d8-a24708bd647b/window/rect[39m
[35m[HTTP][39m [90m{}[39m
[35m[HTTP][39m [37m<-- GET /wd/hub/session/9a286c7d-2d6a-4a7b-91d8-a24708bd647b/window/rect [39m[32m200[39m [90m45 ms - 50[39m
[35m[HTTP][39m [90m[39m
[35m[HTTP][39m [37m-->[39m [37mPOST[39m [37m/wd/hub/session/9a286c7d-2d6a-4a7b-91d8-a24708bd647b/elements[39m
[35m[HTTP][39m [90m{"using":"xpath","value":"//*[@class = 'android.widget.ImageView' and @resource-id = 'android:id/button1' and (@text = '' or . = '')]"}[39m
[35m[HTTP][39m [37m<-- POST /wd/hub/session/9a286c7d-2d6a-4a7b-91d8-a24708bd647b/elements [39m[32m200[39m [90m236 ms - 139[39m
[35m[HTTP][39m [90m[39m
[35m[HTTP][39m [37m-->[39m [37mGET[39m [37m/wd/hub/session/9a286c7d-2d6a-4a7b-91d8-a24708bd647b/element/00000000-0000-00e8-ffff-ffff000002cb/location[39m
[35m[HTTP][39m [90m{}[39m
[35m[W3C (9a286c7d)][39m Driver proxy active, passing request on via HTTP proxy
[35m[WD Proxy][39m Replacing sessionId 927facaf-9eca-4e04-9fec-e85a2923d454 with 9a286c7d-2d6a-4a7b-91d8-a24708bd647b
[35m[HTTP][39m [37m<-- GET /wd/hub/session/9a286c7d-2d6a-4a7b-91d8-a24708bd647b/element/00000000-0000-00e8-ffff-ffff000002cb/location [39m[32m200[39m [90m33 ms - 79[39m
[35m[HTTP][39m [90m[39m
[35m[HTTP][39m [37m-->[39m [37mPOST[39m [37m/wd/hub/session/9a286c7d-2d6a-4a7b-91d8-a24708bd647b/touch/perform[39m
[35m[HTTP][39m [90m{"actions":[{"action":"tap","options":{"x":1,"y":1,"element":"00000000-0000-00e8-ffff-ffff000002cb"}}]}[39m
[35m[UiAutomator2][39m calling get location: 00000000-0000-00e8-ffff-ffff000002cb
[35m[HTTP][39m [37m<-- POST /wd/hub/session/9a286c7d-2d6a-4a7b-91d8-a24708bd647b/touch/perform [39m[32m200[39m [90m247 ms - 14[39m
[35m[HTTP][39m [90m[39m
[35m[HTTP][39m [37m-->[39m [37mGET[39m [37m/wd/hub/session/9a286c7d-2d6a-4a7b-91d8-a24708bd647b/source[39m
[35m[HTTP][39m [90m{}[39m
[35m[W3C (9a286c7d)][39m Driver proxy active, passing request on via HTTP proxy
[35m[WD Proxy][39m Replacing sessionId 927facaf-9eca-4e04-9fec-e85a2923d454 with 9a286c7d-2d6a-4a7b-91d8-a24708bd647b
[35m[HTTP][39m [37m<-- GET /wd/hub/session/9a286c7d-2d6a-4a7b-91d8-a24708bd647b/source [39m[32m200[39m [90m324 ms - 30462[39m
[35m[HTTP][39m [90m[39m
[35m[HTTP][39m [37m-->[39m [37mGET[39m [37m/wd/hub/session/9a286c7d-2d6a-4a7b-91d8-a24708bd647b/screenshot[39m
[35m[HTTP][39m [90m{}[39m
[35m[HTTP][39m [37m<-- GET /wd/hub/session/9a286c7d-2d6a-4a7b-91d8-a24708bd647b/screenshot [39m[32m200[39m [90m448 ms - 228500[39m
[35m[HTTP][39m [90m[39m
[35m[HTTP][39m [37m-->[39m [37mPOST[39m [37m/wd/hub/session/9a286c7d-2d6a-4a7b-91d8-a24708bd647b/elements[39m
[35m[HTTP][39m [90m{"using":"xpath","value":"//*[@class = 'android.view.View' and (@text = '' or . = '')]"}[39m
[35m[HTTP][39m [37m<-- POST /wd/hub/session/9a286c7d-2d6a-4a7b-91d8-a24708bd647b/elements [39m[32m200[39m [90m376 ms - 1931[39m
[35m[HTTP][39m [90m[39m
[35m[HTTP][39m [37m-->[39m [37mPOST[39m [37m/wd/hub/session/9a286c7d-2d6a-4a7b-91d8-a24708bd647b/elements[39m
[35m[HTTP][39m [90m{"using":"-android uiautomator","value":"new UiSelector().className(\"android.view.View\")"}[39m
[35m[HTTP][39m [37m<-- POST /wd/hub/session/9a286c7d-2d6a-4a7b-91d8-a24708bd647b/elements [39m[32m200[39m [90m780 ms - 1931[39m
[35m[HTTP][39m [90m[39m
[35m[HTTP][39m [37m-->[39m [37mGET[39m [37m/wd/hub/session/9a286c7d-2d6a-4a7b-91d8-a24708bd647b/window/rect[39m
[35m[HTTP][39m [90m{}[39m
[35m[HTTP][39m [37m<-- GET /wd/hub/session/9a286c7d-2d6a-4a7b-91d8-a24708bd647b/window/rect [39m[32m200[39m [90m22 ms - 50[39m
[35m[HTTP][39m [90m[39m
[35m[HTTP][39m [37m-->[39m [37mPOST[39m [37m/wd/hub/session/9a286c7d-2d6a-4a7b-91d8-a24708bd647b/elements[39m
[35m[HTTP][39m [90m{"using":"xpath","value":"//hierarchy/android.widget.FrameLayout[1]/android.widget.LinearLayout[1]/android.widget.FrameLayout[1]/android.widget.FrameLayout[1]/android.widget.FrameLayout[1]/android.view.ViewGroup[1]/android.widget.FrameLayout[1]/android.widget.FrameLayout[1]/android.view.ViewGroup[1]/android.view.ViewGroup[1]/android.widget.FrameLayout[1]/android.widget.FrameLayout[1]/android.view.ViewGroup[1]/androidx.recyclerview.widget.RecyclerView[1]/androidx.compose.ui.platform.ComposeView[3]/android.view.View[1]/android.view.View[1]"}[39m
[35m[HTTP][39m [37m<-- POST /wd/hub/session/9a286c7d-2d6a-4a7b-91d8-a24708bd647b/elements [39m[32m200[39m [90m60263 ms - 12[39m
[35m[HTTP][39m [90m[39m
[35m[HTTP][39m [37m-->[39m [37mPOST[39m [37m/wd/hub/session/9a286c7d-2d6a-4a7b-91d8-a24708bd647b/elements[39m
[35m[HTTP][39m [90m{"using":"xpath","value":"//*[@class = 'android.view.ViewGroup' and @resource-id = 'com.todoist:id/quick_add_item' and (@text = '' or . = '')]"}[39m
[35m[HTTP][39m [37m<-- POST /wd/hub/session/9a286c7d-2d6a-4a7b-91d8-a24708bd647b/elements [39m[32m200[39m [90m60249 ms - 12[39m
[35m[HTTP][39m [90m[39m
[35m[HTTP][39m [37m-->[39m [37mPOST[39m [37m/wd/hub/session/9a286c7d-2d6a-4a7b-91d8-a24708bd647b/elements[39m
[35m[HTTP][39m [90m{"using":"id","value":"com.todoist:id/quick_add_item"}[39m
[35m[HTTP][39m [37m<-- POST /wd/hub/session/9a286c7d-2d6a-4a7b-91d8-a24708bd647b/elements [39m[32m200[39m [90m60205 ms - 12[39m
[35m[HTTP][39m [90m[39m
[35m[HTTP][39m [37m-->[39m [37mPOST[39m [37m/wd/hub/session/9a286c7d-2d6a-4a7b-91d8-a24708bd647b/elements[39m
[35m[HTTP][39m [90m{"using":"-android uiautomator","value":"new UiSelector().className(\"android.view.ViewGroup\").resourceId(\"com.todoist:id/quick_add_item\")"}[39m
[35m[HTTP][39m [37m<-- POST /wd/hub/session/9a286c7d-2d6a-4a7b-91d8-a24708bd647b/elements [39m[32m200[39m [90m60219 ms - 12[39m
[35m[HTTP][39m [90m[39m
[35m[HTTP][39m [37m-->[39m [37mGET[39m [37m/wd/hub/session/9a286c7d-2d6a-4a7b-91d8-a24708bd647b/window/rect[39m
[35m[HTTP][39m [90m{}[39m
[35m[HTTP][39m [37m<-- GET /wd/hub/session/9a286c7d-2d6a-4a7b-91d8-a24708bd647b/window/rect [39m[32m200[39m [90m42 ms - 50[39m
[35m[HTTP][39m [90m[39m
[35m[HTTP][39m [37m-->[39m [37mPOST[39m [37m/wd/hub/session/9a286c7d-2d6a-4a7b-91d8-a24708bd647b/elements[39m
[35m[HTTP][39m [90m{"using":"xpath","value":"//hierarchy/android.widget.FrameLayout[1]/android.widget.LinearLayout[1]/android.widget.FrameLayout[1]/android.widget.FrameLayout[1]/android.widget.FrameLayout[1]/android.view.ViewGroup[1]/android.widget.FrameLayout[1]/android.widget.FrameLayout[1]/android.view.ViewGroup[1]/android.widget.FrameLayout[1]/android.view.ViewGroup[1]"}[39m
[35m[HTTP][39m [37m<-- POST /wd/hub/session/9a286c7d-2d6a-4a7b-91d8-a24708bd647b/elements [39m[32m200[39m [90m60320 ms - 12[39m
[35m[HTTP][39m [90m[39m
[35m[HTTP][39m [37m-->[39m [37mGET[39m [37m/wd/hub/session/9a286c7d-2d6a-4a7b-91d8-a24708bd647b/context[39m
[35m[HTTP][39m [90m{}[39m
[35m[HTTP][39m [37m<-- GET /wd/hub/session/9a286c7d-2d6a-4a7b-91d8-a24708bd647b/context [39m[32m200[39m [90m2 ms - 22[39m
[35m[HTTP][39m [90m[39m
[35m[HTTP][39m [37m-->[39m [37mGET[39m [37m/wd/hub/session/9a286c7d-2d6a-4a7b-91d8-a24708bd647b/contexts[39m
[35m[HTTP][39m [90m{}[39m
[35m[HTTP][39m [37m<-- GET /wd/hub/session/9a286c7d-2d6a-4a7b-91d8-a24708bd647b/contexts [39m[32m200[39m [90m169 ms - 24[39m
[35m[HTTP][39m [90m[39m
[35m[HTTP][39m [37m-->[39m [37mPOST[39m [37m/wd/hub/session/9a286c7d-2d6a-4a7b-91d8-a24708bd647b/context[39m
[35m[HTTP][39m [90m{"name":"NATIVE_APP"}[39m
[35m[HTTP][39m [37m<-- POST /wd/hub/session/9a286c7d-2d6a-4a7b-91d8-a24708bd647b/context [39m[32m200[39m [90m3 ms - 14[39m
[35m[HTTP][39m [90m[39m
[35m[HTTP][39m [37m-->[39m [37mPOST[39m [37m/wd/hub/session/9a286c7d-2d6a-4a7b-91d8-a24708bd647b/appium/device/press_keycode[39m
[35m[HTTP][39m [90m{"keycode":4}[39m
[35m[HTTP][39m [37m<-- POST /wd/hub/session/9a286c7d-2d6a-4a7b-91d8-a24708bd647b/appium/device/press_keycode [39m[32m200[39m [90m613 ms - 14[39m
[35m[HTTP][39m [90m[39m
[35m[HTTP][39m [37m-->[39m [37mPOST[39m [37m/wd/hub/session/9a286c7d-2d6a-4a7b-91d8-a24708bd647b/context[39m
[35m[HTTP][39m [90m{"name":"NATIVE_APP"}[39m
[35m[HTTP][39m [37m<-- POST /wd/hub/session/9a286c7d-2d6a-4a7b-91d8-a24708bd647b/context [39m[32m200[39m [90m3 ms - 14[39m
[35m[HTTP][39m [90m[39m
[35m[HTTP][39m [37m-->[39m [37mGET[39m [37m/wd/hub/session/9a286c7d-2d6a-4a7b-91d8-a24708bd647b/source[39m
[35m[HTTP][39m [90m{}[39m
[35m[W3C (9a286c7d)][39m Driver proxy active, passing request on via HTTP proxy
[35m[WD Proxy][39m Replacing sessionId 927facaf-9eca-4e04-9fec-e85a2923d454 with 9a286c7d-2d6a-4a7b-91d8-a24708bd647b
[35m[HTTP][39m [37m<-- GET /wd/hub/session/9a286c7d-2d6a-4a7b-91d8-a24708bd647b/source [39m[32m200[39m [90m244 ms - 30202[39m
[35m[HTTP][39m [90m[39m
[35m[HTTP][39m [37m-->[39m [37mGET[39m [37m/wd/hub/session/9a286c7d-2d6a-4a7b-91d8-a24708bd647b/screenshot[39m
[35m[HTTP][39m [90m{}[39m
[35m[HTTP][39m [37m<-- GET /wd/hub/session/9a286c7d-2d6a-4a7b-91d8-a24708bd647b/screenshot [39m[32m200[39m [90m424 ms - 206774[39m
[35m[HTTP][39m [90m[39m
[35m[HTTP][39m [37m-->[39m [37mDELETE[39m [37m/wd/hub/session/9a286c7d-2d6a-4a7b-91d8-a24708bd647b[39m
[35m[HTTP][39m [90m{}[39m
[35m[Appium][39m Removing session 9a286c7d-2d6a-4a7b-91d8-a24708bd647b from our master session list
[35m[UiAutomator2][39m Restoring hidden api policy to the device default configuration
[35m[HTTP][39m [37m<-- DELETE /wd/hub/session/9a286c7d-2d6a-4a7b-91d8-a24708bd647b [39m[32m200[39m [90m634 ms - 14[39m
[35m[HTTP][39m [90m[39m
